[01m[K/home/rod/ros2_ws/ikerlan/src/bt_bumpgo/src/bt_bumpgo/Back.cpp:[m[K In member function â€˜[01m[Kvirtual BT::NodeStatus bt_bumpgo::Back::tick()[m[Kâ€™:
[01m[K/home/rod/ros2_ws/ikerlan/src/bt_bumpgo/src/bt_bumpgo/Back.cpp:63:1:[m[K [01;35m[Kwarning: [m[Kno return statement in function returning non-void [[01;35m[K]8;;https://gcc.gnu.org/onlinedocs/gcc/Warning-Options.html#index-Wreturn-type-Wreturn-type]8;;[m[K]
   63 | [01;35m[K}[m[K
      | [01;35m[K^[m[K
[01m[K/home/rod/ros2_ws/ikerlan/src/bt_bumpgo/src/bt_bumpgo/Turn.cpp:[m[K In member function â€˜[01m[Kvirtual BT::NodeStatus bt_bumpgo::Turn::tick()[m[Kâ€™:
[01m[K/home/rod/ros2_ws/ikerlan/src/bt_bumpgo/src/bt_bumpgo/Turn.cpp:57:6:[m[K [01;31m[Kerror: [m[Kâ€˜[01m[Kdirection[m[Kâ€™ was not declared in this scope; did you mean â€˜[01m[Ksigaction[m[Kâ€™?
   57 |   if([01;31m[Kdirection[m[K == 1)
      |      [01;31m[K^~~~~~~~~[m[K
      |      [32m[Ksigaction[m[K
[01m[K/home/rod/ros2_ws/ikerlan/src/bt_bumpgo/src/bt_bumpgo/Turn.cpp:69:1:[m[K [01;35m[Kwarning: [m[Kno return statement in function returning non-void [[01;35m[K]8;;https://gcc.gnu.org/onlinedocs/gcc/Warning-Options.html#index-Wreturn-type-Wreturn-type]8;;[m[K]
   69 | [01;35m[K}[m[K
      | [01;35m[K^[m[K
[01m[K/home/rod/ros2_ws/ikerlan/src/bt_bumpgo/src/bt_bumpgo/Forward.cpp:[m[K In member function â€˜[01m[Kvirtual BT::NodeStatus bt_bumpgo::Forward::tick()[m[Kâ€™:
[01m[K/home/rod/ros2_ws/ikerlan/src/bt_bumpgo/src/bt_bumpgo/Forward.cpp:49:1:[m[K [01;35m[Kwarning: [m[Kno return statement in function returning non-void [[01;35m[K]8;;https://gcc.gnu.org/onlinedocs/gcc/Warning-Options.html#index-Wreturn-type-Wreturn-type]8;;[m[K]
   49 | [01;35m[K}[m[K
      | [01;35m[K^[m[K
gmake[2]: *** [CMakeFiles/turn_bt_node.dir/build.make:76: CMakeFiles/turn_bt_node.dir/src/bt_bumpgo/Turn.cpp.o] Error 1
gmake[1]: *** [CMakeFiles/Makefile2:197: CMakeFiles/turn_bt_node.dir/all] Error 2
gmake[1]: *** Waiting for unfinished jobs....
gmake: *** [Makefile:146: all] Error 2
