[0.010s] Invoking command in '/home/rod/ros2_ws/ikerlan/build/bt_bumpgo': CMAKE_PREFIX_PATH=/opt/ros/humble /usr/bin/cmake /home/rod/ros2_ws/ikerlan/src/bt_bumpgo -DAMENT_CMAKE_SYMLINK_INSTALL=1 -DCMAKE_INSTALL_PREFIX=/home/rod/ros2_ws/ikerlan/install/bt_bumpgo
[0.017s] -- Found ament_cmake: 1.3.4 (/opt/ros/humble/share/ament_cmake/cmake)
[0.113s] -- Override CMake install command with custom implementation using symlinks instead of copying resources
[0.117s] -- Found rclcpp: 16.0.4 (/opt/ros/humble/share/rclcpp/cmake)
[0.139s] -- Found rosidl_generator_c: 3.1.4 (/opt/ros/humble/share/rosidl_generator_c/cmake)
[0.140s] -- Found rosidl_adapter: 3.1.4 (/opt/ros/humble/share/rosidl_adapter/cmake)
[0.144s] -- Found rosidl_generator_cpp: 3.1.4 (/opt/ros/humble/share/rosidl_generator_cpp/cmake)
[0.152s] -- Using all available rosidl_typesupport_c: rosidl_typesupport_fastrtps_c;rosidl_typesupport_introspection_c
[0.162s] -- Using all available rosidl_typesupport_cpp: rosidl_typesupport_fastrtps_cpp;rosidl_typesupport_introspection_cpp
[0.202s] -- Found rmw_implementation_cmake: 6.1.1 (/opt/ros/humble/share/rmw_implementation_cmake/cmake)
[0.203s] -- Found rmw_cyclonedds_cpp: 1.3.4 (/opt/ros/humble/share/rmw_cyclonedds_cpp/cmake)
[0.223s] -- Using RMW implementation 'rmw_cyclonedds_cpp' as default
[0.332s] -- Found sensor_msgs: 4.2.3 (/opt/ros/humble/share/sensor_msgs/cmake)
[0.472s] -- Configuring done
[0.485s] -- Generating done
[0.486s] -- Build files have been written to: /home/rod/ros2_ws/ikerlan/build/bt_bumpgo
[0.492s] Invoked command in '/home/rod/ros2_ws/ikerlan/build/bt_bumpgo' returned '0': CMAKE_PREFIX_PATH=/opt/ros/humble /usr/bin/cmake /home/rod/ros2_ws/ikerlan/src/bt_bumpgo -DAMENT_CMAKE_SYMLINK_INSTALL=1 -DCMAKE_INSTALL_PREFIX=/home/rod/ros2_ws/ikerlan/install/bt_bumpgo
[0.494s] Invoking command in '/home/rod/ros2_ws/ikerlan/build/bt_bumpgo': CMAKE_PREFIX_PATH=/opt/ros/humble /usr/bin/cmake --build /home/rod/ros2_ws/ikerlan/build/bt_bumpgo -- -j12 -l12
[0.527s] [ 50%] [32mBuilding CXX object CMakeFiles/bt_bumpgo.dir/src/bt_bumpgo_main.cpp.o[0m
[0.527s] [ 30%] [32mBuilding CXX object CMakeFiles/turn_bt_node.dir/src/bt_bumpgo/Turn.cpp.o[0m
[0.527s] [ 50%] [32mBuilding CXX object CMakeFiles/forward_bt_node.dir/src/bt_bumpgo/Forward.cpp.o[0m
[0.527s] [ 50%] [32mBuilding CXX object CMakeFiles/is_obstacle_bt_node.dir/src/bt_bumpgo/IsObstacle.cpp.o[0m
[0.527s] [ 50%] [32mBuilding CXX object CMakeFiles/back_bt_node.dir/src/bt_bumpgo/Back.cpp.o[0m
[2.706s] [01m[K/home/rod/ros2_ws/ikerlan/src/bt_bumpgo/src/bt_bumpgo/Back.cpp:[m[K In member function â€˜[01m[Kvirtual BT::NodeStatus bt_bumpgo::Back::tick()[m[Kâ€™:
[2.706s] [01m[K/home/rod/ros2_ws/ikerlan/src/bt_bumpgo/src/bt_bumpgo/Back.cpp:63:1:[m[K [01;35m[Kwarning: [m[Kno return statement in function returning non-void [[01;35m[K]8;;https://gcc.gnu.org/onlinedocs/gcc/Warning-Options.html#index-Wreturn-type-Wreturn-type]8;;[m[K]
[2.707s]    63 | [01;35m[K}[m[K
[2.707s]       | [01;35m[K^[m[K
[2.730s] [01m[K/home/rod/ros2_ws/ikerlan/src/bt_bumpgo/src/bt_bumpgo/Turn.cpp:[m[K In member function â€˜[01m[Kvirtual BT::NodeStatus bt_bumpgo::Turn::tick()[m[Kâ€™:
[2.730s] [01m[K/home/rod/ros2_ws/ikerlan/src/bt_bumpgo/src/bt_bumpgo/Turn.cpp:57:6:[m[K [01;31m[Kerror: [m[Kâ€˜[01m[Kdirection[m[Kâ€™ was not declared in this scope; did you mean â€˜[01m[Ksigaction[m[Kâ€™?
[2.730s]    57 |   if([01;31m[Kdirection[m[K == 1)
[2.730s]       |      [01;31m[K^~~~~~~~~[m[K
[2.730s]       |      [32m[Ksigaction[m[K
[2.730s] [01m[K/home/rod/ros2_ws/ikerlan/src/bt_bumpgo/src/bt_bumpgo/Turn.cpp:69:1:[m[K [01;35m[Kwarning: [m[Kno return statement in function returning non-void [[01;35m[K]8;;https://gcc.gnu.org/onlinedocs/gcc/Warning-Options.html#index-Wreturn-type-Wreturn-type]8;;[m[K]
[2.730s]    69 | [01;35m[K}[m[K
[2.730s]       | [01;35m[K^[m[K
[2.734s] [01m[K/home/rod/ros2_ws/ikerlan/src/bt_bumpgo/src/bt_bumpgo/Forward.cpp:[m[K In member function â€˜[01m[Kvirtual BT::NodeStatus bt_bumpgo::Forward::tick()[m[Kâ€™:
[2.734s] [01m[K/home/rod/ros2_ws/ikerlan/src/bt_bumpgo/src/bt_bumpgo/Forward.cpp:49:1:[m[K [01;35m[Kwarning: [m[Kno return statement in function returning non-void [[01;35m[K]8;;https://gcc.gnu.org/onlinedocs/gcc/Warning-Options.html#index-Wreturn-type-Wreturn-type]8;;[m[K]
[2.734s]    49 | [01;35m[K}[m[K
[2.734s]       | [01;35m[K^[m[K
[3.341s] gmake[2]: *** [CMakeFiles/turn_bt_node.dir/build.make:76: CMakeFiles/turn_bt_node.dir/src/bt_bumpgo/Turn.cpp.o] Error 1
[3.341s] gmake[1]: *** [CMakeFiles/Makefile2:197: CMakeFiles/turn_bt_node.dir/all] Error 2
[3.341s] gmake[1]: *** Waiting for unfinished jobs....
[3.569s] [ 60%] [32m[1mLinking CXX executable bt_bumpgo[0m
[3.686s] [ 70%] [32m[1mLinking CXX shared library libback_bt_node.so[0m
[3.703s] [ 70%] Built target bt_bumpgo
[3.724s] [ 80%] [32m[1mLinking CXX shared library libforward_bt_node.so[0m
[3.809s] [ 80%] Built target back_bt_node
[3.830s] [ 80%] Built target forward_bt_node
[3.950s] [ 90%] [32m[1mLinking CXX shared library libis_obstacle_bt_node.so[0m
[4.034s] [ 90%] Built target is_obstacle_bt_node
[4.034s] gmake: *** [Makefile:146: all] Error 2
[4.036s] Invoked command in '/home/rod/ros2_ws/ikerlan/build/bt_bumpgo' returned '2': CMAKE_PREFIX_PATH=/opt/ros/humble /usr/bin/cmake --build /home/rod/ros2_ws/ikerlan/build/bt_bumpgo -- -j12 -l12
